#-----------------------------------------------------------
# Vivado v2022.1 (64-bit)
# SW Build 3526262 on Mon Apr 18 15:47:01 MDT 2022
# IP Build 3524634 on Mon Apr 18 20:55:01 MDT 2022
# Start of session at: Fri Dec 20 13:41:08 2024
# Process ID: 7613
# Current directory: /home/junsang/projects/EE511/hw4/RESNET18_KV260
# Command line: vivado
# Log file: /home/junsang/projects/EE511/hw4/RESNET18_KV260/vivado.log
# Journal file: /home/junsang/projects/EE511/hw4/RESNET18_KV260/vivado.jou
# Running On: vitishlsnew, OS: Linux, CPU Frequency: 3193.918 MHz, CPU Physical cores: 6, Host memory: 20968 MB
#-----------------------------------------------------------
start_gui
WARNING: [Board 49-26] cannot add Board Part xilinx.com:vpk120_es:part0:1.2 available at /tools/Xilinx/Vivado/2022.1/data/xhub/boards/XilinxBoardStore/boards/Xilinx/vpk120/es/1.2/board.xml as part xcvp1202-vsva2785-2mp-e-s-es1 specified in board_part file is either invalid or not available
WARNING: [Board 49-26] cannot add Board Part xilinx.com:vpk120_es_revb:part0:1.0 available at /tools/Xilinx/Vivado/2022.1/data/xhub/boards/XilinxBoardStore/boards/Xilinx/vpk120_revb/es/1.0/board.xml as part xcvp1202-vsva2785-2mp-e-s-es1 specified in board_part file is either invalid or not available
WARNING: [Board 49-26] cannot add Board Part xilinx.com:zcu208ld:part0:2.0 available at /tools/Xilinx/Vivado/2022.1/data/xhub/boards/XilinxBoardStore/boards/Xilinx/zcu208ld/production/2.0/board.xml as part xczu58dr-fsvg1517-2-i specified in board_part file is either invalid or not available
WARNING: [Board 49-26] cannot add Board Part xilinx.com:zcu216ld:part0:2.0 available at /tools/Xilinx/Vivado/2022.1/data/xhub/boards/XilinxBoardStore/boards/Xilinx/zcu216ld/production/2.0/board.xml as part xczu59dr-ffvf1760-2-i specified in board_part file is either invalid or not available
WARNING: [Board 49-26] cannot add Board Part xilinx.com:zcu670:part0:2.0 available at /tools/Xilinx/Vivado/2022.1/data/xhub/boards/XilinxBoardStore/boards/Xilinx/zcu670/2.0/board.xml as part xczu67dr-fsve1156-2-i specified in board_part file is either invalid or not available
WARNING: [Board 49-26] cannot add Board Part xilinx.com:zcu670ld:part0:1.0 available at /tools/Xilinx/Vivado/2022.1/data/xhub/boards/XilinxBoardStore/boards/Xilinx/zcu670ld/1.0/board.xml as part xczu57dr-fsve1156-2-i specified in board_part file is either invalid or not available
open_project /home/junsang/projects/EE511/vivado_proj_resnet18_src1/vivado_proj_resnet18_src1.xpr
INFO: [filemgmt 56-3] Default IP Output Path : Could not find the directory '/home/junsang/projects/EE511/vivado_proj_resnet18_src1/vivado_proj_resnet18_src1.gen/sources_1'.
Scanning sources...
Finished scanning sources
INFO: [IP_Flow 19-234] Refreshing IP repositories
INFO: [IP_Flow 19-1704] No user IP repositories specified
INFO: [IP_Flow 19-2313] Loaded Vivado IP repository '/tools/Xilinx/Vivado/2022.1/data/ip'.
update_compile_order -fileset sources_1
open_bd_design {/home/junsang/projects/EE511/vivado_proj_resnet18_src1/vivado_proj_resnet18_src1.srcs/sources_1/bd/design_1/design_1.bd}
Reading block design file </home/junsang/projects/EE511/vivado_proj_resnet18_src1/vivado_proj_resnet18_src1.srcs/sources_1/bd/design_1/design_1.bd>...
Successfully read diagram <design_1> from block design file </home/junsang/projects/EE511/vivado_proj_resnet18_src1/vivado_proj_resnet18_src1.srcs/sources_1/bd/design_1/design_1.bd>
set_property  ip_repo_paths  /home/junsang/projects/EE511/hw4/resnet_src1/resnet_src1/solution1/impl [current_project]
update_ip_catalog
INFO: [IP_Flow 19-234] Refreshing IP repositories
INFO: [IP_Flow 19-1700] Loaded user IP repository '/home/junsang/projects/EE511/hw4/resnet_src1/resnet_src1/solution1/impl'.
startgroup
create_bd_cell -type ip -vlnv xilinx.com:hls:conv_kernel:1.0 conv_kernel_0
endgroup
startgroup
create_bd_cell -type ip -vlnv xilinx.com:ip:zynq_ultra_ps_e:3.4 zynq_ultra_ps_e_0
endgroup
apply_bd_automation -rule xilinx.com:bd_rule:zynq_ultra_ps_e -config {apply_board_preset "1" }  [get_bd_cells zynq_ultra_ps_e_0]
WARNING: [IP_Flow 19-474] Invalid Parameter 'Component_Name'
set_property -dict [list CONFIG.PSU__FPGA_PL1_ENABLE {0} CONFIG.PSU__USE__S_AXI_GP2 {1} CONFIG.PSU__SAXIGP2__DATA_WIDTH {64} CONFIG.PSU__CRL_APB__PL0_REF_CTRL__FREQMHZ {250}] [get_bd_cells zynq_ultra_ps_e_0]
startgroup
apply_bd_automation -rule xilinx.com:bd_rule:axi4 -config { Clk_master {Auto} Clk_slave {Auto} Clk_xbar {Auto} Master {/zynq_ultra_ps_e_0/M_AXI_HPM0_FPD} Slave {/conv_kernel_0/s_axi_control} ddr_seg {Auto} intc_ip {New AXI Interconnect} master_apm {0}}  [get_bd_intf_pins conv_kernel_0/s_axi_control]
INFO: [Ipptcl 7-1463] No Compatible Board Interface found. Board Tab not created in customize GUI
Slave segment '/conv_kernel_0/s_axi_control/Reg' is being assigned into address space '/zynq_ultra_ps_e_0/Data' at <0xA000_0000 [ 64K ]>.
apply_bd_automation -rule xilinx.com:bd_rule:axi4 -config { Clk_master {Auto} Clk_slave {Auto} Clk_xbar {Auto} Master {/conv_kernel_0/m_axi_gmem0} Slave {/zynq_ultra_ps_e_0/S_AXI_HP0_FPD} ddr_seg {Auto} intc_ip {New AXI SmartConnect} master_apm {0}}  [get_bd_intf_pins zynq_ultra_ps_e_0/S_AXI_HP0_FPD]
Slave segment '/zynq_ultra_ps_e_0/SAXIGP2/HP0_DDR_HIGH' is being assigned into address space '/conv_kernel_0/Data_m_axi_gmem0' at <0x8_0000_0000 [ 32G ]>.
Slave segment '/zynq_ultra_ps_e_0/SAXIGP2/HP0_DDR_LOW' is being assigned into address space '/conv_kernel_0/Data_m_axi_gmem0' at <0x0000_0000 [ 2G ]>.
Slave segment '/zynq_ultra_ps_e_0/SAXIGP2/HP0_QSPI' is being assigned into address space '/conv_kernel_0/Data_m_axi_gmem0' at <0xC000_0000 [ 512M ]>.
Slave segment '/zynq_ultra_ps_e_0/SAXIGP2/HP0_LPS_OCM' is being assigned into address space '/conv_kernel_0/Data_m_axi_gmem0' at <0xFF00_0000 [ 16M ]>.
WARNING: [BD 41-1051] Slave segment '/zynq_ultra_ps_e_0/SAXIGP2/HP0_LPS_OCM' with 'register' usage does not match address space '/conv_kernel_0/Data_m_axi_gmem0' with 'memory' usage so will be excluded from this address space. Please use the 'include_bd_addr_seg' command to override this precaution if required.
Excluding slave segment /zynq_ultra_ps_e_0/SAXIGP2/HP0_LPS_OCM from address space /conv_kernel_0/Data_m_axi_gmem0.
endgroup
apply_bd_automation -rule xilinx.com:bd_rule:axi4 -config { Clk_master {Auto} Clk_slave {/zynq_ultra_ps_e_0/pl_clk0 (249 MHz)} Clk_xbar {/zynq_ultra_ps_e_0/pl_clk0 (249 MHz)} Master {/zynq_ultra_ps_e_0/M_AXI_HPM1_FPD} Slave {/conv_kernel_0/s_axi_control} ddr_seg {Auto} intc_ip {/ps8_0_axi_periph} master_apm {0}}  [get_bd_intf_pins zynq_ultra_ps_e_0/M_AXI_HPM1_FPD]
WARNING: [xilinx.com:ip:zynq_ultra_ps_e:3.4-1] /zynq_ultra_ps_e_0</axi_smc/M00_AXI> of </axi_smc> is connected to </zynq_ultra_ps_e_0>. To avoid loops, any interface from </zynq_ultra_ps_e_0> should not be connected to </zynq_ultra_ps_e_0> using </axi_smc>
make_wrapper -files [get_files /home/junsang/projects/EE511/vivado_proj_resnet18_src1/vivado_proj_resnet18_src1.srcs/sources_1/bd/design_1/design_1.bd] -top
WARNING: [BD 41-1629] Slave segment </zynq_ultra_ps_e_0/SAXIGP2/HP0_LPS_OCM> is excluded from all addressing paths.
Excluding slave segment /zynq_ultra_ps_e_0/SAXIGP2/HP0_LPS_OCM from address space /conv_kernel_0/Data_m_axi_gmem0.
Excluding slave segment /zynq_ultra_ps_e_0/SAXIGP2/HP0_LPS_OCM from address space /conv_kernel_0/Data_m_axi_gmem0.
Excluding slave segment /zynq_ultra_ps_e_0/SAXIGP2/HP0_LPS_OCM from address space /conv_kernel_0/Data_m_axi_gmem0.
Excluding slave segment /zynq_ultra_ps_e_0/SAXIGP2/HP0_LPS_OCM from address space /conv_kernel_0/Data_m_axi_gmem0.
Excluding slave segment /zynq_ultra_ps_e_0/SAXIGP2/HP0_LPS_OCM from address space /conv_kernel_0/Data_m_axi_gmem0.
Excluding slave segment /zynq_ultra_ps_e_0/SAXIGP2/HP0_LPS_OCM from address space /conv_kernel_0/Data_m_axi_gmem0.
Excluding slave segment /zynq_ultra_ps_e_0/SAXIGP2/HP0_LPS_OCM from address space /conv_kernel_0/Data_m_axi_gmem0.
Excluding slave segment /zynq_ultra_ps_e_0/SAXIGP2/HP0_LPS_OCM from address space /conv_kernel_0/Data_m_axi_gmem0.
Excluding slave segment /zynq_ultra_ps_e_0/SAXIGP2/HP0_LPS_OCM from address space /conv_kernel_0/Data_m_axi_gmem0.
Excluding slave segment /zynq_ultra_ps_e_0/SAXIGP2/HP0_LPS_OCM from address space /conv_kernel_0/Data_m_axi_gmem0.
INFO: [xilinx.com:ip:smartconnect:1.0-1] design_1_axi_smc_0: SmartConnect design_1_axi_smc_0 is in High-performance Mode.
INFO: [Ipptcl 7-1463] No Compatible Board Interface found. Board Tab not created in customize GUI
Excluding slave segment /zynq_ultra_ps_e_0/SAXIGP2/HP0_LPS_OCM from address space /conv_kernel_0/Data_m_axi_gmem0.
Excluding slave segment /zynq_ultra_ps_e_0/SAXIGP2/HP0_LPS_OCM from address space /conv_kernel_0/Data_m_axi_gmem0.
Excluding slave segment /zynq_ultra_ps_e_0/SAXIGP2/HP0_LPS_OCM from address space /conv_kernel_0/Data_m_axi_gmem0.
WARNING: [BD 41-237] Bus Interface property AWUSER_WIDTH does not match between /ps8_0_axi_periph/s00_couplers/auto_ds/S_AXI(0) and /zynq_ultra_ps_e_0/M_AXI_HPM0_FPD(16)
WARNING: [BD 41-237] Bus Interface property ARUSER_WIDTH does not match between /ps8_0_axi_periph/s00_couplers/auto_ds/S_AXI(0) and /zynq_ultra_ps_e_0/M_AXI_HPM0_FPD(16)
WARNING: [BD 41-237] Bus Interface property AWUSER_WIDTH does not match between /ps8_0_axi_periph/s01_couplers/auto_ds/S_AXI(0) and /zynq_ultra_ps_e_0/M_AXI_HPM1_FPD(16)
WARNING: [BD 41-237] Bus Interface property ARUSER_WIDTH does not match between /ps8_0_axi_periph/s01_couplers/auto_ds/S_AXI(0) and /zynq_ultra_ps_e_0/M_AXI_HPM1_FPD(16)
WARNING: [BD 41-237] Bus Interface property AWUSER_WIDTH does not match between /zynq_ultra_ps_e_0/S_AXI_HP0_FPD(1) and /axi_smc/M00_AXI(0)
WARNING: [BD 41-237] Bus Interface property ARUSER_WIDTH does not match between /zynq_ultra_ps_e_0/S_AXI_HP0_FPD(1) and /axi_smc/M00_AXI(0)
WARNING: [BD 41-927] Following properties on pin /conv_kernel_0/ap_clk have been updated from connected ip, but BD cell '/conv_kernel_0' does not accept parameter changes, so they may not be synchronized with cell properties:
	FREQ_HZ = 249997498 
Please resolve any mismatches by directly setting properties on BD cell </conv_kernel_0> to completely resolve these warnings.
Wrote  : </home/junsang/projects/EE511/vivado_proj_resnet18_src1/vivado_proj_resnet18_src1.srcs/sources_1/bd/design_1/design_1.bd> 
Wrote  : </home/junsang/projects/EE511/vivado_proj_resnet18_src1/vivado_proj_resnet18_src1.srcs/sources_1/bd/design_1/ui/bd_1f5defd0.ui> 
WARNING: [BD 41-2384] Width mismatch when connecting pin: '/axi_smc/S00_AXI_arlock'(1) to pin: '/conv_kernel_0/m_axi_gmem0_ARLOCK'(2) - Only lower order bits will be connected.
WARNING: [BD 41-2384] Width mismatch when connecting pin: '/axi_smc/S00_AXI_awlock'(1) to pin: '/conv_kernel_0/m_axi_gmem0_AWLOCK'(2) - Only lower order bits will be connected.
Verilog Output written to : /home/junsang/projects/EE511/vivado_proj_resnet18_src1/vivado_proj_resnet18_src1.gen/sources_1/bd/design_1/synth/design_1.v
WARNING: [BD 41-2384] Width mismatch when connecting pin: '/axi_smc/S00_AXI_arlock'(1) to pin: '/conv_kernel_0/m_axi_gmem0_ARLOCK'(2) - Only lower order bits will be connected.
WARNING: [BD 41-2384] Width mismatch when connecting pin: '/axi_smc/S00_AXI_awlock'(1) to pin: '/conv_kernel_0/m_axi_gmem0_AWLOCK'(2) - Only lower order bits will be connected.
Verilog Output written to : /home/junsang/projects/EE511/vivado_proj_resnet18_src1/vivado_proj_resnet18_src1.gen/sources_1/bd/design_1/sim/design_1.v
Verilog Output written to : /home/junsang/projects/EE511/vivado_proj_resnet18_src1/vivado_proj_resnet18_src1.gen/sources_1/bd/design_1/hdl/design_1_wrapper.v
make_wrapper: Time (s): cpu = 00:00:08 ; elapsed = 00:00:11 . Memory (MB): peak = 9267.656 ; gain = 0.000 ; free physical = 10736 ; free virtual = 16453
add_files -norecurse /home/junsang/projects/EE511/vivado_proj_resnet18_src1/vivado_proj_resnet18_src1.gen/sources_1/bd/design_1/hdl/design_1_wrapper.v
launch_runs impl_1 -to_step write_bitstream -jobs 4
INFO: [BD 41-1662] The design 'design_1.bd' is already validated. Therefore parameter propagation will not be re-run.
Wrote  : </home/junsang/projects/EE511/vivado_proj_resnet18_src1/vivado_proj_resnet18_src1.srcs/sources_1/bd/design_1/ui/bd_1f5defd0.ui> 
WARNING: [BD 41-2384] Width mismatch when connecting pin: '/axi_smc/S00_AXI_arlock'(1) to pin: '/conv_kernel_0/m_axi_gmem0_ARLOCK'(2) - Only lower order bits will be connected.
WARNING: [BD 41-2384] Width mismatch when connecting pin: '/axi_smc/S00_AXI_awlock'(1) to pin: '/conv_kernel_0/m_axi_gmem0_AWLOCK'(2) - Only lower order bits will be connected.
Verilog Output written to : /home/junsang/projects/EE511/vivado_proj_resnet18_src1/vivado_proj_resnet18_src1.gen/sources_1/bd/design_1/synth/design_1.v
WARNING: [BD 41-2384] Width mismatch when connecting pin: '/axi_smc/S00_AXI_arlock'(1) to pin: '/conv_kernel_0/m_axi_gmem0_ARLOCK'(2) - Only lower order bits will be connected.
WARNING: [BD 41-2384] Width mismatch when connecting pin: '/axi_smc/S00_AXI_awlock'(1) to pin: '/conv_kernel_0/m_axi_gmem0_AWLOCK'(2) - Only lower order bits will be connected.
Verilog Output written to : /home/junsang/projects/EE511/vivado_proj_resnet18_src1/vivado_proj_resnet18_src1.gen/sources_1/bd/design_1/sim/design_1.v
Verilog Output written to : /home/junsang/projects/EE511/vivado_proj_resnet18_src1/vivado_proj_resnet18_src1.gen/sources_1/bd/design_1/hdl/design_1_wrapper.v
INFO: [BD 41-1029] Generation completed for the IP Integrator block conv_kernel_0 .
INFO: [xilinx.com:ip:zynq_ultra_ps_e:3.4-0] design_1_zynq_ultra_ps_e_0_0: 
Changes in your design (including the PCW configuration settings) are not automatically exported from Vivado to Xilinx's SDK, Petalinux or Yocto.
This is by design to avoid disrupting existing embedded development efforts. To have any changes of your design taking effect in the embedded software flow please export your
design by going through Vivado's main menu, click on File, then Export finally select Export Hardware, please ensure you click on the Include BitStream option.
The auto-generated HDF file is all you need to import in Xilinx's SDK, Petalinux or Yocto for your changes to be reflected in the Embedded Software Flow.
For more information, please consult PG201, section: Exporting PCW Settings to Embedded Software Flows
INFO: [PSU-0] Address Range of DDR (0x7ff00000 to 0x7fffffff) is reserved by PMU for internal purpose.
INFO: [IP_Flow 19-5611] Unable to find an associated reset port for the interface 'M_AXI_HPM0_FPD'. A default connection has been created.
INFO: [IP_Flow 19-5611] Unable to find an associated reset port for the interface 'M_AXI_HPM1_FPD'. A default connection has been created.
INFO: [IP_Flow 19-5611] Unable to find an associated reset port for the interface 'S_AXI_HP0_FPD'. A default connection has been created.
INFO: [BD 41-1029] Generation completed for the IP Integrator block zynq_ultra_ps_e_0 .
INFO: [BD 41-1029] Generation completed for the IP Integrator block ps8_0_axi_periph/xbar .
WARNING: [IP_Flow 19-4994] Overwriting existing constraint file '/home/junsang/projects/EE511/vivado_proj_resnet18_src1/vivado_proj_resnet18_src1.gen/sources_1/bd/design_1/ip/design_1_auto_ds_0/design_1_auto_ds_0_ooc.xdc'
INFO: [IP_Flow 19-5611] Unable to find an associated reset port for the interface 'S_AXI'. A default connection has been created.
INFO: [IP_Flow 19-5611] Unable to find an associated reset port for the interface 'M_AXI'. A default connection has been created.
INFO: [BD 41-1029] Generation completed for the IP Integrator block ps8_0_axi_periph/s00_couplers/auto_ds .
WARNING: [IP_Flow 19-4994] Overwriting existing constraint file '/home/junsang/projects/EE511/vivado_proj_resnet18_src1/vivado_proj_resnet18_src1.gen/sources_1/bd/design_1/ip/design_1_auto_pc_0/design_1_auto_pc_0_ooc.xdc'
INFO: [BD 41-1029] Generation completed for the IP Integrator block ps8_0_axi_periph/s00_couplers/auto_pc .
WARNING: [IP_Flow 19-4994] Overwriting existing constraint file '/home/junsang/projects/EE511/vivado_proj_resnet18_src1/vivado_proj_resnet18_src1.gen/sources_1/bd/design_1/ip/design_1_auto_ds_1/design_1_auto_ds_1_ooc.xdc'
INFO: [IP_Flow 19-5611] Unable to find an associated reset port for the interface 'S_AXI'. A default connection has been created.
INFO: [IP_Flow 19-5611] Unable to find an associated reset port for the interface 'M_AXI'. A default connection has been created.
INFO: [BD 41-1029] Generation completed for the IP Integrator block ps8_0_axi_periph/s01_couplers/auto_ds .
WARNING: [IP_Flow 19-4994] Overwriting existing constraint file '/home/junsang/projects/EE511/vivado_proj_resnet18_src1/vivado_proj_resnet18_src1.gen/sources_1/bd/design_1/ip/design_1_auto_pc_1/design_1_auto_pc_1_ooc.xdc'
INFO: [BD 41-1029] Generation completed for the IP Integrator block ps8_0_axi_periph/s01_couplers/auto_pc .
INFO: [BD 41-1029] Generation completed for the IP Integrator block rst_ps8_0_249M .
Exporting to file /home/junsang/projects/EE511/vivado_proj_resnet18_src1/vivado_proj_resnet18_src1.gen/sources_1/bd/design_1/ip/design_1_axi_smc_0/bd_0/hw_handoff/design_1_axi_smc_0.hwh
Generated Hardware Definition File /home/junsang/projects/EE511/vivado_proj_resnet18_src1/vivado_proj_resnet18_src1.gen/sources_1/bd/design_1/ip/design_1_axi_smc_0/bd_0/synth/design_1_axi_smc_0.hwdef
INFO: [BD 41-1029] Generation completed for the IP Integrator block axi_smc .
Exporting to file /home/junsang/projects/EE511/vivado_proj_resnet18_src1/vivado_proj_resnet18_src1.gen/sources_1/bd/design_1/hw_handoff/design_1.hwh
Generated Hardware Definition File /home/junsang/projects/EE511/vivado_proj_resnet18_src1/vivado_proj_resnet18_src1.gen/sources_1/bd/design_1/synth/design_1.hwdef
[Fri Dec 20 13:45:39 2024] Launched design_1_auto_ds_0_synth_1, design_1_auto_pc_0_synth_1, design_1_zynq_ultra_ps_e_0_0_synth_1, design_1_xbar_0_synth_1, design_1_auto_ds_1_synth_1, design_1_rst_ps8_0_249M_0_synth_1, design_1_axi_smc_0_synth_1, design_1_auto_pc_1_synth_1, design_1_conv_kernel_0_0_synth_1, synth_1...
Run output will be captured here:
design_1_auto_ds_0_synth_1: /home/junsang/projects/EE511/vivado_proj_resnet18_src1/vivado_proj_resnet18_src1.runs/design_1_auto_ds_0_synth_1/runme.log
design_1_auto_pc_0_synth_1: /home/junsang/projects/EE511/vivado_proj_resnet18_src1/vivado_proj_resnet18_src1.runs/design_1_auto_pc_0_synth_1/runme.log
design_1_zynq_ultra_ps_e_0_0_synth_1: /home/junsang/projects/EE511/vivado_proj_resnet18_src1/vivado_proj_resnet18_src1.runs/design_1_zynq_ultra_ps_e_0_0_synth_1/runme.log
design_1_xbar_0_synth_1: /home/junsang/projects/EE511/vivado_proj_resnet18_src1/vivado_proj_resnet18_src1.runs/design_1_xbar_0_synth_1/runme.log
design_1_auto_ds_1_synth_1: /home/junsang/projects/EE511/vivado_proj_resnet18_src1/vivado_proj_resnet18_src1.runs/design_1_auto_ds_1_synth_1/runme.log
design_1_rst_ps8_0_249M_0_synth_1: /home/junsang/projects/EE511/vivado_proj_resnet18_src1/vivado_proj_resnet18_src1.runs/design_1_rst_ps8_0_249M_0_synth_1/runme.log
design_1_axi_smc_0_synth_1: /home/junsang/projects/EE511/vivado_proj_resnet18_src1/vivado_proj_resnet18_src1.runs/design_1_axi_smc_0_synth_1/runme.log
design_1_auto_pc_1_synth_1: /home/junsang/projects/EE511/vivado_proj_resnet18_src1/vivado_proj_resnet18_src1.runs/design_1_auto_pc_1_synth_1/runme.log
design_1_conv_kernel_0_0_synth_1: /home/junsang/projects/EE511/vivado_proj_resnet18_src1/vivado_proj_resnet18_src1.runs/design_1_conv_kernel_0_0_synth_1/runme.log
synth_1: /home/junsang/projects/EE511/vivado_proj_resnet18_src1/vivado_proj_resnet18_src1.runs/synth_1/runme.log
[Fri Dec 20 13:45:40 2024] Launched impl_1...
Run output will be captured here: /home/junsang/projects/EE511/vivado_proj_resnet18_src1/vivado_proj_resnet18_src1.runs/impl_1/runme.log
launch_runs: Time (s): cpu = 00:00:32 ; elapsed = 00:00:31 . Memory (MB): peak = 9648.812 ; gain = 223.000 ; free physical = 9913 ; free virtual = 15859
