GENOME NON_GENOME PIN 767: GENOME NON_GENOME PIN 37
GENOME NON_GENOME PIN 37: GENOME NON_GENOME PIN 767
GENOME NON_GENOME PIN 42: GENOME NON_GENOME PIN 43
GENOME NON_GENOME PIN 43: GENOME NON_GENOME PIN 42
GENOME NON_GENOME PIN 105: GENOME NON_GENOME PIN 106
GENOME NON_GENOME PIN 106: GENOME NON_GENOME PIN 105
GENOME NON_GENOME PIN 354: GENOME NON_GENOME PIN 355
GENOME NON_GENOME PIN 355: GENOME NON_GENOME PIN 354
GENOME NON_GENOME PIN 463: GENOME NON_GENOME PIN 464
GENOME NON_GENOME PIN 464: GENOME NON_GENOME PIN 463
GENOME NON_GENOME PIN 465: GENOME NON_GENOME PIN 466
GENOME NON_GENOME PIN 466: GENOME NON_GENOME PIN 465
GENOME NON_GENOME PIN 497: GENOME NON_GENOME PIN 498
GENOME NON_GENOME PIN 498: GENOME NON_GENOME PIN 497
GENOME NON_GENOME PIN 534: GENOME NON_GENOME PIN 535 GENOME NON_GENOME PIN 536
GENOME NON_GENOME PIN 535: GENOME NON_GENOME PIN 534
GENOME NON_GENOME PIN 536: GENOME NON_GENOME PIN 534
INST conv_kernel__GB1 PIN 1144: INST conv_kernel__GB6 PIN 273 TYPE 5
INST conv_kernel__GB1 PIN 1145: INST conv_kernel__GB6 PIN 274 TYPE 5
INST conv_kernel__GB1 PIN 1146: INST conv_kernel__GB6 PIN 275 TYPE 5
INST conv_kernel__GB1 PIN 1147: INST conv_kernel__GB6 PIN 276 TYPE 5
INST conv_kernel__GB1 PIN 1148: INST conv_kernel__GB6 PIN 277 TYPE 5
INST conv_kernel__GB1 PIN 1149: INST conv_kernel__GB6 PIN 278 TYPE 5
INST conv_kernel__GB1 PIN 1150: INST conv_kernel__GB6 PIN 279 TYPE 5
INST conv_kernel__GB1 PIN 1151: INST conv_kernel__GB6 PIN 280 TYPE 5
INST conv_kernel__GB1 PIN 1152: INST conv_kernel__GB6 PIN 281 TYPE 5
INST conv_kernel__GB1 PIN 1386: INST conv_kernel__GB3 PIN 63 TYPE 5
INST NON_GENOME PIN 324: INST conv_kernel__GB6 PIN 820 TYPE 0
INST NON_GENOME PIN 325: INST conv_kernel__GB6 PIN 823 TYPE 0
INST NON_GENOME PIN 317: INST conv_kernel__GB6 PIN 826 TYPE 0
INST NON_GENOME PIN 318: INST conv_kernel__GB6 PIN 862 TYPE 0
INST conv_kernel__GB4 PIN 325: INST conv_kernel__GB1 PIN 37 TYPE 3 INST conv_kernel__GB0 PIN 1410 TYPE 4
INST conv_kernel__GB1 PIN 729: INST conv_kernel__GB0 PIN 1915 TYPE 0 GENOME conv_kernel__GB1 PIN 729
INST conv_kernel__GB1 PIN 534: INST conv_kernel__GB1 PIN 535 TYPE 2 INST conv_kernel__GB0 PIN 2116 TYPE 4 INST conv_kernel__GB1 PIN 536 TYPE 2 INST conv_kernel__GB0 PIN 2117 TYPE 4
INST conv_kernel__GB1 PIN 105: INST conv_kernel__GB1 PIN 106 TYPE 2 INST conv_kernel__GB0 PIN 2372 TYPE 4
INST conv_kernel__GB1 PIN 42: INST conv_kernel__GB1 PIN 43 TYPE 2 INST conv_kernel__GB0 PIN 2435 TYPE 4
INST conv_kernel__GB1 PIN 598: INST conv_kernel__GB0 PIN 2529 TYPE 0 GENOME conv_kernel__GB1 PIN 598
INST conv_kernel__GB1 PIN 599: INST conv_kernel__GB0 PIN 2530 TYPE 0 GENOME conv_kernel__GB1 PIN 599
INST conv_kernel__GB1 PIN 600: INST conv_kernel__GB0 PIN 2531 TYPE 0 GENOME conv_kernel__GB1 PIN 600
INST conv_kernel__GB1 PIN 601: INST conv_kernel__GB0 PIN 2532 TYPE 0 GENOME conv_kernel__GB1 PIN 601
INST conv_kernel__GB1 PIN 602: INST conv_kernel__GB0 PIN 2533 TYPE 0 GENOME conv_kernel__GB1 PIN 602
INST conv_kernel__GB1 PIN 603: INST conv_kernel__GB0 PIN 2534 TYPE 0 GENOME conv_kernel__GB1 PIN 603
INST conv_kernel__GB1 PIN 604: INST conv_kernel__GB0 PIN 2535 TYPE 0 GENOME conv_kernel__GB1 PIN 604
INST conv_kernel__GB1 PIN 605: INST conv_kernel__GB0 PIN 2536 TYPE 0 GENOME conv_kernel__GB1 PIN 605
INST conv_kernel__GB1 PIN 606: INST conv_kernel__GB0 PIN 2537 TYPE 0 GENOME conv_kernel__GB1 PIN 606
INST conv_kernel__GB1 PIN 607: INST conv_kernel__GB0 PIN 2538 TYPE 0 GENOME conv_kernel__GB1 PIN 607
INST conv_kernel__GB1 PIN 608: INST conv_kernel__GB0 PIN 2539 TYPE 0 GENOME conv_kernel__GB1 PIN 608
INST conv_kernel__GB1 PIN 609: INST conv_kernel__GB0 PIN 2540 TYPE 0 GENOME conv_kernel__GB1 PIN 609
INST conv_kernel__GB1 PIN 610: INST conv_kernel__GB0 PIN 2541 TYPE 0 GENOME conv_kernel__GB1 PIN 610
INST conv_kernel__GB1 PIN 611: INST conv_kernel__GB0 PIN 2542 TYPE 0 GENOME conv_kernel__GB1 PIN 611
INST conv_kernel__GB1 PIN 612: INST conv_kernel__GB0 PIN 2543 TYPE 0 GENOME conv_kernel__GB1 PIN 612
INST conv_kernel__GB1 PIN 613: INST conv_kernel__GB0 PIN 2544 TYPE 0 GENOME conv_kernel__GB1 PIN 613
INST conv_kernel__GB1 PIN 614: INST conv_kernel__GB0 PIN 2545 TYPE 0 GENOME conv_kernel__GB1 PIN 614
INST conv_kernel__GB1 PIN 615: INST conv_kernel__GB0 PIN 2546 TYPE 0 GENOME conv_kernel__GB1 PIN 615
INST conv_kernel__GB1 PIN 616: INST conv_kernel__GB0 PIN 2547 TYPE 0 GENOME conv_kernel__GB1 PIN 616
INST conv_kernel__GB1 PIN 617: INST conv_kernel__GB0 PIN 2548 TYPE 0 GENOME conv_kernel__GB1 PIN 617
INST conv_kernel__GB1 PIN 618: INST conv_kernel__GB0 PIN 2549 TYPE 0 GENOME conv_kernel__GB1 PIN 618
INST conv_kernel__GB1 PIN 619: INST conv_kernel__GB0 PIN 2550 TYPE 0 GENOME conv_kernel__GB1 PIN 619
INST conv_kernel__GB1 PIN 620: INST conv_kernel__GB0 PIN 2551 TYPE 0 GENOME conv_kernel__GB1 PIN 620
INST conv_kernel__GB1 PIN 621: INST conv_kernel__GB0 PIN 2552 TYPE 0 GENOME conv_kernel__GB1 PIN 621
INST conv_kernel__GB1 PIN 622: INST conv_kernel__GB0 PIN 2553 TYPE 0 GENOME conv_kernel__GB1 PIN 622
INST conv_kernel__GB1 PIN 623: INST conv_kernel__GB0 PIN 2554 TYPE 0 GENOME conv_kernel__GB1 PIN 623
INST conv_kernel__GB1 PIN 624: INST conv_kernel__GB0 PIN 2555 TYPE 0 GENOME conv_kernel__GB1 PIN 624
INST conv_kernel__GB1 PIN 625: INST conv_kernel__GB0 PIN 2556 TYPE 0 GENOME conv_kernel__GB1 PIN 625
INST conv_kernel__GB1 PIN 626: INST conv_kernel__GB0 PIN 2557 TYPE 0 GENOME conv_kernel__GB1 PIN 626
INST conv_kernel__GB1 PIN 627: INST conv_kernel__GB0 PIN 2558 TYPE 0 GENOME conv_kernel__GB1 PIN 627
INST conv_kernel__GB1 PIN 628: INST conv_kernel__GB0 PIN 2559 TYPE 0 GENOME conv_kernel__GB1 PIN 628
INST conv_kernel__GB1 PIN 629: INST conv_kernel__GB0 PIN 2560 TYPE 1 GENOME conv_kernel__GB1 PIN 629
INST conv_kernel__GB1 PIN 354: INST conv_kernel__GB1 PIN 355 TYPE 2 INST conv_kernel__GB3 PIN 1284 TYPE 4
INST conv_kernel__GB1 PIN 37: GENOME conv_kernel__GB1 PIN 37
INST conv_kernel__GB1 PIN 43: GENOME conv_kernel__GB1 PIN 43
INST conv_kernel__GB1 PIN 106: GENOME conv_kernel__GB1 PIN 106
INST conv_kernel__GB1 PIN 355: GENOME conv_kernel__GB1 PIN 355
INST conv_kernel__GB1 PIN 535: GENOME conv_kernel__GB1 PIN 535
INST conv_kernel__GB1 PIN 536: GENOME conv_kernel__GB1 PIN 536
