xilinx rtfpga
rt::do_reinfer_area_combined 1
INFO: [Synth 8-3886] merging instance 'grp_controller_fu_536/nif_11_reg_2719_reg[0]' (FDRE) to 'grp_controller_fu_536/nif_11_reg_2719_reg[1]'
INFO: [Synth 8-3886] merging instance 'grp_controller_fu_536/nif_12_reg_2983_reg[0]' (FDRE) to 'grp_controller_fu_536/nif_12_reg_2983_reg[1]'
INFO: [Synth 8-3333] propagating constant 0 across sequential element (grp_controller_fu_536/\nif_11_reg_2719_reg[1] )
INFO: [Synth 8-3886] merging instance 'grp_controller_fu_536/nof_11_reg_2683_reg[0]' (FDE) to 'grp_controller_fu_536/out_size_11_reg_2743_reg[0]'
INFO: [Synth 8-3886] merging instance 'grp_controller_fu_536/bn_weight_size_11_reg_2707_reg[0]' (FDE) to 'grp_controller_fu_536/out_size_11_reg_2743_reg[0]'
INFO: [Synth 8-3886] merging instance 'grp_controller_fu_536/bn_weight_size_11_reg_2707_reg[5]' (FDE) to 'grp_controller_fu_536/out_size_11_reg_2743_reg[0]'
INFO: [Synth 8-3886] merging instance 'grp_controller_fu_536/weight_size_11_reg_2671_reg[0]' (FDE) to 'grp_controller_fu_536/out_size_11_reg_2743_reg[0]'
INFO: [Synth 8-3886] merging instance 'grp_controller_fu_536/weight_size_11_reg_2671_reg[1]' (FDE) to 'grp_controller_fu_536/out_size_11_reg_2743_reg[0]'
INFO: [Synth 8-3886] merging instance 'grp_controller_fu_536/weight_size_11_reg_2671_reg[2]' (FDE) to 'grp_controller_fu_536/out_size_11_reg_2743_reg[0]'
INFO: [Synth 8-3886] merging instance 'grp_controller_fu_536/nof_12_reg_2947_reg[0]' (FDRE) to 'grp_controller_fu_536/out_size_12_reg_3007_reg[0]'
INFO: [Synth 8-3886] merging instance 'grp_controller_fu_536/bn_weight_size_12_reg_2971_reg[0]' (FDRE) to 'grp_controller_fu_536/out_size_12_reg_3007_reg[0]'
INFO: [Synth 8-3886] merging instance 'grp_controller_fu_536/bn_weight_size_12_reg_2971_reg[5]' (FDRE) to 'grp_controller_fu_536/out_size_12_reg_3007_reg[0]'
INFO: [Synth 8-3886] merging instance 'grp_controller_fu_536/weight_size_12_reg_2935_reg[0]' (FDRE) to 'grp_controller_fu_536/out_size_12_reg_3007_reg[0]'
INFO: [Synth 8-3886] merging instance 'grp_controller_fu_536/weight_size_12_reg_2935_reg[1]' (FDRE) to 'grp_controller_fu_536/out_size_12_reg_3007_reg[0]'
INFO: [Synth 8-3886] merging instance 'grp_controller_fu_536/weight_size_12_reg_2935_reg[2]' (FDRE) to 'grp_controller_fu_536/out_size_12_reg_3007_reg[0]'
INFO: [Synth 8-3886] merging instance 'grp_controller_fu_536/nox_11_reg_2623_reg[1]' (FDSE) to 'grp_controller_fu_536/nox_11_reg_2623_reg[2]'
INFO: [Synth 8-3886] merging instance 'grp_controller_fu_536/nox_12_reg_2887_reg[1]' (FDSE) to 'grp_controller_fu_536/nox_12_reg_2887_reg[2]'
INFO: [Synth 8-3886] merging instance 'grp_controller_fu_536/nox_14_reg_3414_reg[4]' (FDE) to 'grp_controller_fu_536/out_size_14_reg_3533_reg[10]'
INFO: [Synth 8-3886] merging instance 'grp_controller_fu_536/nox_20_reg_4995_reg[5]' (FDE) to 'grp_controller_fu_536/out_size_20_reg_5114_reg[11]'
INFO: [Synth 8-3886] merging instance 'grp_controller_fu_536/nox_27_reg_6862_reg[6]' (FDE) to 'grp_controller_fu_536/out_size_27_reg_6980_reg[12]'
INFO: [Synth 8-3886] merging instance 'grp_controller_fu_536/base_addr_in_11_reg_2611_reg[0]' (FDRE) to 'grp_controller_fu_536/base_addr_in_11_reg_2611_reg[1]'
INFO: [Synth 8-3886] merging instance 'grp_controller_fu_536/base_addr_in_12_reg_2875_reg[0]' (FDRE) to 'grp_controller_fu_536/base_addr_in_12_reg_2875_reg[1]'
INFO: [Synth 8-3886] merging instance 'grp_controller_fu_536/base_addr_in_11_reg_2611_reg[1]' (FDRE) to 'grp_controller_fu_536/base_addr_in_11_reg_2611_reg[2]'
INFO: [Synth 8-3886] merging instance 'grp_controller_fu_536/base_addr_in_12_reg_2875_reg[1]' (FDRE) to 'grp_controller_fu_536/base_addr_in_12_reg_2875_reg[2]'
INFO: [Synth 8-3886] merging instance 'grp_controller_fu_536/base_addr_in_11_reg_2611_reg[2]' (FDRE) to 'grp_controller_fu_536/base_addr_in_11_reg_2611_reg[3]'
INFO: [Synth 8-3886] merging instance 'grp_controller_fu_536/base_addr_in_12_reg_2875_reg[2]' (FDRE) to 'grp_controller_fu_536/base_addr_in_12_reg_2875_reg[3]'
INFO: [Synth 8-3886] merging instance 'grp_controller_fu_536/base_addr_in_11_reg_2611_reg[3]' (FDRE) to 'grp_controller_fu_536/base_addr_in_11_reg_2611_reg[4]'
INFO: [Synth 8-3886] merging instance 'grp_controller_fu_536/base_addr_in_12_reg_2875_reg[3]' (FDRE) to 'grp_controller_fu_536/base_addr_in_12_reg_2875_reg[4]'
INFO: [Synth 8-3886] merging instance 'grp_controller_fu_536/base_addr_in_11_reg_2611_reg[4]' (FDRE) to 'grp_controller_fu_536/base_addr_in_11_reg_2611_reg[5]'
INFO: [Synth 8-3886] merging instance 'grp_controller_fu_536/base_addr_in_12_reg_2875_reg[4]' (FDRE) to 'grp_controller_fu_536/base_addr_in_12_reg_2875_reg[5]'
INFO: [Synth 8-3886] merging instance 'grp_controller_fu_536/base_addr_in_11_reg_2611_reg[5]' (FDRE) to 'grp_controller_fu_536/base_addr_in_11_reg_2611_reg[6]'
INFO: [Synth 8-3886] merging instance 'grp_controller_fu_536/base_addr_in_12_reg_2875_reg[5]' (FDRE) to 'grp_controller_fu_536/base_addr_in_12_reg_2875_reg[6]'
INFO: [Synth 8-3886] merging instance 'grp_controller_fu_536/base_addr_in_11_reg_2611_reg[6]' (FDRE) to 'grp_controller_fu_536/base_addr_in_11_reg_2611_reg[7]'
INFO: [Synth 8-3886] merging instance 'grp_controller_fu_536/base_addr_in_12_reg_2875_reg[6]' (FDRE) to 'grp_controller_fu_536/base_addr_in_12_reg_2875_reg[7]'
INFO: [Synth 8-3886] merging instance 'grp_controller_fu_536/base_addr_in_11_reg_2611_reg[7]' (FDRE) to 'grp_controller_fu_536/base_addr_in_11_reg_2611_reg[9]'
INFO: [Synth 8-3886] merging instance 'grp_controller_fu_536/base_addr_in_12_reg_2875_reg[7]' (FDRE) to 'grp_controller_fu_536/base_addr_in_12_reg_2875_reg[9]'
INFO: [Synth 8-3886] merging instance 'grp_controller_fu_536/base_addr_in_11_reg_2611_reg[8]' (FDRE) to 'grp_controller_fu_536/base_addr_in_11_reg_2611_reg[12]'
INFO: [Synth 8-3886] merging instance 'grp_controller_fu_536/base_addr_in_12_reg_2875_reg[8]' (FDSE) to 'grp_controller_fu_536/base_addr_in_12_reg_2875_reg[12]'
INFO: [Synth 8-3886] merging instance 'grp_controller_fu_536/base_addr_in_11_reg_2611_reg[9]' (FDRE) to 'grp_controller_fu_536/base_addr_in_11_reg_2611_reg[11]'
INFO: [Synth 8-3886] merging instance 'grp_controller_fu_536/base_addr_in_12_reg_2875_reg[9]' (FDRE) to 'grp_controller_fu_536/base_addr_in_12_reg_2875_reg[11]'
INFO: [Synth 8-3886] merging instance 'grp_controller_fu_536/base_addr_in_11_reg_2611_reg[10]' (FDSE) to 'grp_controller_fu_536/base_addr_in_11_reg_2611_reg[14]'
INFO: [Synth 8-3886] merging instance 'grp_controller_fu_536/base_addr_in_12_reg_2875_reg[10]' (FDSE) to 'grp_controller_fu_536/base_addr_in_12_reg_2875_reg[14]'
INFO: [Synth 8-3333] propagating constant 0 across sequential element (grp_controller_fu_536/\base_addr_in_11_reg_2611_reg[11] )
INFO: [Synth 8-3886] merging instance 'grp_controller_fu_536/base_addr_in_12_reg_2875_reg[11]' (FDRE) to 'grp_controller_fu_536/nif_12_reg_2983_reg[1]'
INFO: [Synth 8-3886] merging instance 'grp_controller_fu_536/base_addr_in_11_reg_2611_reg[12]' (FDRE) to 'grp_controller_fu_536/base_addr_in_11_reg_2611_reg[13]'
INFO: [Synth 8-3886] merging instance 'grp_controller_fu_536/base_addr_in_12_reg_2875_reg[12]' (FDSE) to 'grp_controller_fu_536/base_addr_in_12_reg_2875_reg[13]'
INFO: [Synth 8-3886] merging instance 'grp_controller_fu_536/base_addr_out_11_reg_2635_reg[0]' (FDRE) to 'grp_controller_fu_536/base_addr_out_11_reg_2635_reg[1]'
INFO: [Synth 8-3886] merging instance 'grp_controller_fu_536/base_addr_out_12_reg_2899_reg[0]' (FDRE) to 'grp_controller_fu_536/base_addr_out_12_reg_2899_reg[1]'
INFO: [Synth 8-3886] merging instance 'grp_controller_fu_536/base_addr_out_11_reg_2635_reg[1]' (FDRE) to 'grp_controller_fu_536/base_addr_out_11_reg_2635_reg[2]'
INFO: [Synth 8-3886] merging instance 'grp_controller_fu_536/base_addr_out_12_reg_2899_reg[1]' (FDRE) to 'grp_controller_fu_536/base_addr_out_12_reg_2899_reg[2]'
INFO: [Synth 8-3886] merging instance 'grp_controller_fu_536/base_addr_out_11_reg_2635_reg[2]' (FDRE) to 'grp_controller_fu_536/base_addr_out_11_reg_2635_reg[3]'
INFO: [Synth 8-3886] merging instance 'grp_controller_fu_536/base_addr_out_12_reg_2899_reg[2]' (FDRE) to 'grp_controller_fu_536/base_addr_out_12_reg_2899_reg[3]'
INFO: [Synth 8-3886] merging instance 'grp_controller_fu_536/base_addr_out_11_reg_2635_reg[3]' (FDRE) to 'grp_controller_fu_536/base_addr_out_11_reg_2635_reg[4]'
INFO: [Synth 8-3886] merging instance 'grp_controller_fu_536/base_addr_out_12_reg_2899_reg[3]' (FDRE) to 'grp_controller_fu_536/base_addr_out_12_reg_2899_reg[4]'
INFO: [Synth 8-3886] merging instance 'grp_controller_fu_536/base_addr_out_11_reg_2635_reg[4]' (FDRE) to 'grp_controller_fu_536/base_addr_out_11_reg_2635_reg[5]'
INFO: [Synth 8-3886] merging instance 'grp_controller_fu_536/base_addr_out_12_reg_2899_reg[4]' (FDRE) to 'grp_controller_fu_536/base_addr_out_12_reg_2899_reg[5]'
INFO: [Synth 8-3886] merging instance 'grp_controller_fu_536/base_addr_out_11_reg_2635_reg[5]' (FDRE) to 'grp_controller_fu_536/base_addr_out_11_reg_2635_reg[6]'
INFO: [Synth 8-3886] merging instance 'grp_controller_fu_536/base_addr_out_12_reg_2899_reg[5]' (FDRE) to 'grp_controller_fu_536/base_addr_out_12_reg_2899_reg[6]'
INFO: [Synth 8-3886] merging instance 'grp_controller_fu_536/base_addr_out_11_reg_2635_reg[6]' (FDRE) to 'grp_controller_fu_536/base_addr_out_11_reg_2635_reg[7]'
INFO: [Synth 8-3886] merging instance 'grp_controller_fu_536/base_addr_out_12_reg_2899_reg[6]' (FDRE) to 'grp_controller_fu_536/base_addr_out_12_reg_2899_reg[7]'
INFO: [Synth 8-3886] merging instance 'grp_controller_fu_536/base_addr_out_11_reg_2635_reg[7]' (FDRE) to 'grp_controller_fu_536/base_addr_out_11_reg_2635_reg[9]'
INFO: [Synth 8-3886] merging instance 'grp_controller_fu_536/base_addr_out_12_reg_2899_reg[7]' (FDRE) to 'grp_controller_fu_536/base_addr_out_12_reg_2899_reg[9]'
INFO: [Synth 8-3886] merging instance 'grp_controller_fu_536/base_addr_out_11_reg_2635_reg[8]' (FDRE) to 'grp_controller_fu_536/base_addr_out_11_reg_2635_reg[12]'
INFO: [Synth 8-3886] merging instance 'grp_controller_fu_536/base_addr_out_12_reg_2899_reg[8]' (FDRE) to 'grp_controller_fu_536/base_addr_out_12_reg_2899_reg[12]'
INFO: [Synth 8-3886] merging instance 'grp_controller_fu_536/base_addr_out_11_reg_2635_reg[9]' (FDRE) to 'grp_controller_fu_536/base_addr_out_11_reg_2635_reg[11]'
INFO: [Synth 8-3886] merging instance 'grp_controller_fu_536/base_addr_out_12_reg_2899_reg[9]' (FDRE) to 'grp_controller_fu_536/base_addr_out_12_reg_2899_reg[11]'
INFO: [Synth 8-3886] merging instance 'grp_controller_fu_536/base_addr_out_11_reg_2635_reg[10]' (FDSE) to 'grp_controller_fu_536/base_addr_out_11_reg_2635_reg[14]'
INFO: [Synth 8-3886] merging instance 'grp_controller_fu_536/base_addr_out_12_reg_2899_reg[10]' (FDRE) to 'grp_controller_fu_536/base_addr_out_12_reg_2899_reg[14]'
INFO: [Synth 8-3333] propagating constant 0 across sequential element (grp_controller_fu_536/\base_addr_out_11_reg_2635_reg[11] )
INFO: [Synth 8-3886] merging instance 'grp_controller_fu_536/base_addr_out_12_reg_2899_reg[11]' (FDRE) to 'grp_controller_fu_536/nif_12_reg_2983_reg[1]'
INFO: [Synth 8-3886] merging instance 'grp_controller_fu_536/base_addr_out_11_reg_2635_reg[12]' (FDRE) to 'grp_controller_fu_536/base_addr_out_11_reg_2635_reg[13]'
INFO: [Synth 8-3886] merging instance 'grp_controller_fu_536/base_addr_out_12_reg_2899_reg[12]' (FDRE) to 'grp_controller_fu_536/base_addr_out_12_reg_2899_reg[13]'
INFO: [Synth 8-3886] merging instance 'grp_controller_fu_536/base_addr_add_11_reg_2647_reg[0]' (FDRE) to 'grp_controller_fu_536/base_addr_add_11_reg_2647_reg[1]'
INFO: [Synth 8-3886] merging instance 'grp_controller_fu_536/base_addr_add_12_reg_2911_reg[0]' (FDRE) to 'grp_controller_fu_536/base_addr_add_12_reg_2911_reg[1]'
INFO: [Synth 8-3886] merging instance 'grp_controller_fu_536/base_addr_add_11_reg_2647_reg[1]' (FDRE) to 'grp_controller_fu_536/base_addr_add_11_reg_2647_reg[2]'
INFO: [Synth 8-3886] merging instance 'grp_controller_fu_536/base_addr_add_12_reg_2911_reg[1]' (FDRE) to 'grp_controller_fu_536/base_addr_add_12_reg_2911_reg[2]'
INFO: [Synth 8-3886] merging instance 'grp_controller_fu_536/base_addr_add_11_reg_2647_reg[2]' (FDRE) to 'grp_controller_fu_536/base_addr_add_11_reg_2647_reg[3]'
INFO: [Synth 8-3886] merging instance 'grp_controller_fu_536/base_addr_add_12_reg_2911_reg[2]' (FDRE) to 'grp_controller_fu_536/base_addr_add_12_reg_2911_reg[3]'
INFO: [Synth 8-3886] merging instance 'grp_controller_fu_536/base_addr_add_11_reg_2647_reg[3]' (FDRE) to 'grp_controller_fu_536/base_addr_add_11_reg_2647_reg[4]'
INFO: [Synth 8-3886] merging instance 'grp_controller_fu_536/base_addr_add_12_reg_2911_reg[3]' (FDRE) to 'grp_controller_fu_536/base_addr_add_12_reg_2911_reg[4]'
INFO: [Synth 8-3886] merging instance 'grp_controller_fu_536/base_addr_add_11_reg_2647_reg[4]' (FDRE) to 'grp_controller_fu_536/base_addr_add_11_reg_2647_reg[5]'
INFO: [Synth 8-3886] merging instance 'grp_controller_fu_536/base_addr_add_12_reg_2911_reg[4]' (FDRE) to 'grp_controller_fu_536/base_addr_add_12_reg_2911_reg[5]'
INFO: [Synth 8-3886] merging instance 'grp_controller_fu_536/base_addr_add_11_reg_2647_reg[5]' (FDRE) to 'grp_controller_fu_536/base_addr_add_11_reg_2647_reg[6]'
INFO: [Synth 8-3886] merging instance 'grp_controller_fu_536/base_addr_add_12_reg_2911_reg[5]' (FDRE) to 'grp_controller_fu_536/base_addr_add_12_reg_2911_reg[6]'
INFO: [Synth 8-3886] merging instance 'grp_controller_fu_536/base_addr_add_11_reg_2647_reg[6]' (FDRE) to 'grp_controller_fu_536/base_addr_add_11_reg_2647_reg[7]'
INFO: [Synth 8-3886] merging instance 'grp_controller_fu_536/base_addr_add_12_reg_2911_reg[6]' (FDRE) to 'grp_controller_fu_536/base_addr_add_12_reg_2911_reg[7]'
INFO: [Synth 8-3886] merging instance 'grp_controller_fu_536/base_addr_add_11_reg_2647_reg[7]' (FDRE) to 'grp_controller_fu_536/base_addr_add_11_reg_2647_reg[9]'
INFO: [Synth 8-3886] merging instance 'grp_controller_fu_536/base_addr_add_12_reg_2911_reg[7]' (FDRE) to 'grp_controller_fu_536/base_addr_add_12_reg_2911_reg[9]'
INFO: [Synth 8-3886] merging instance 'grp_controller_fu_536/base_addr_add_11_reg_2647_reg[8]' (FDRE) to 'grp_controller_fu_536/base_addr_add_11_reg_2647_reg[12]'
INFO: [Synth 8-3886] merging instance 'grp_controller_fu_536/base_addr_add_12_reg_2911_reg[8]' (FDRE) to 'grp_controller_fu_536/base_addr_add_12_reg_2911_reg[12]'
INFO: [Synth 8-3886] merging instance 'grp_controller_fu_536/base_addr_add_11_reg_2647_reg[9]' (FDRE) to 'grp_controller_fu_536/base_addr_add_11_reg_2647_reg[11]'
INFO: [Synth 8-3886] merging instance 'grp_controller_fu_536/base_addr_add_12_reg_2911_reg[9]' (FDRE) to 'grp_controller_fu_536/base_addr_add_12_reg_2911_reg[11]'
INFO: [Synth 8-3886] merging instance 'grp_controller_fu_536/base_addr_add_11_reg_2647_reg[10]' (FDSE) to 'grp_controller_fu_536/base_addr_add_11_reg_2647_reg[14]'
INFO: [Synth 8-3886] merging instance 'grp_controller_fu_536/base_addr_add_12_reg_2911_reg[10]' (FDRE) to 'grp_controller_fu_536/base_addr_add_12_reg_2911_reg[14]'
INFO: [Synth 8-3333] propagating constant 0 across sequential element (grp_controller_fu_536/\base_addr_add_11_reg_2647_reg[11] )
INFO: [Synth 8-3886] merging instance 'grp_controller_fu_536/base_addr_add_12_reg_2911_reg[11]' (FDRE) to 'grp_controller_fu_536/nif_12_reg_2983_reg[1]'
INFO: [Synth 8-3886] merging instance 'grp_controller_fu_536/base_addr_add_11_reg_2647_reg[12]' (FDRE) to 'grp_controller_fu_536/base_addr_add_11_reg_2647_reg[13]'
INFO: [Synth 8-3886] merging instance 'grp_controller_fu_536/base_addr_add_12_reg_2911_reg[12]' (FDRE) to 'grp_controller_fu_536/base_addr_add_12_reg_2911_reg[13]'
INFO: [Synth 8-3886] merging instance 'grp_controller_fu_536/weight_base_11_reg_2659_reg[0]' (FDE) to 'grp_controller_fu_536/weight_base_11_reg_2659_reg[2]'
INFO: [Synth 8-3886] merging instance 'grp_controller_fu_536/weight_base_12_reg_2923_reg[0]' (FDSE) to 'grp_controller_fu_536/weight_base_12_reg_2923_reg[2]'
INFO: [Synth 8-3886] merging instance 'grp_controller_fu_536/weight_base_11_reg_2659_reg[1]' (FDE) to 'grp_controller_fu_536/out_size_11_reg_2743_reg[0]'
INFO: [Synth 8-3886] merging instance 'grp_controller_fu_536/weight_base_12_reg_2923_reg[1]' (FDRE) to 'grp_controller_fu_536/out_size_12_reg_3007_reg[0]'
INFO: [Synth 8-3886] merging instance 'grp_controller_fu_536/bn_weight_base_11_reg_2695_reg[1]' (FDE) to 'grp_controller_fu_536/out_size_11_reg_2743_reg[0]'
INFO: [Synth 8-3886] merging instance 'grp_controller_fu_536/bn_weight_base_12_reg_2959_reg[1]' (FDRE) to 'grp_controller_fu_536/out_size_12_reg_3007_reg[0]'
INFO: [Common 17-14] Message 'Synth 8-3886' appears 100 times and further instances of the messages will be disabled. Use the Tcl command set_msg_config to change the current settings.
INFO: [Synth 8-3333] propagating constant 0 across sequential element (grp_controller_fu_536/\in_size_11_reg_2731_reg[6] )
INFO: [Synth 8-3333] propagating constant 0 across sequential element (grp_controller_fu_536/\out_size_11_reg_2743_reg[6] )
INFO: [Synth 8-3333] propagating constant 0 across sequential element (grp_controller_fu_536/\nif_12_reg_2983_reg[1] )
INFO: [Synth 8-3333] propagating constant 0 across sequential element (grp_controller_fu_536/\out_size_13_reg_3270_reg[6] )
INFO: [Synth 8-3333] propagating constant 0 across sequential element (grp_controller_fu_536/\out_size_14_reg_3533_reg[6] )
INFO: [Synth 8-3333] propagating constant 0 across sequential element (grp_controller_fu_536/\out_size_15_reg_3796_reg[6] )
INFO: [Synth 8-3333] propagating constant 0 across sequential element (grp_controller_fu_536/\out_size_16_reg_4060_reg[6] )
INFO: [Synth 8-3333] propagating constant 0 across sequential element (grp_controller_fu_536/\out_size_17_reg_4324_reg[6] )
INFO: [Synth 8-3333] propagating constant 0 across sequential element (grp_controller_fu_536/\out_size_18_reg_4588_reg[6] )
INFO: [Synth 8-3333] propagating constant 0 across sequential element (grp_controller_fu_536/\out_size_19_reg_4851_reg[6] )
INFO: [Synth 8-3333] propagating constant 0 across sequential element (grp_controller_fu_536/\out_size_20_reg_5114_reg[2] )
INFO: [Synth 8-3333] propagating constant 0 across sequential element (grp_controller_fu_536/\out_size_21_reg_5377_reg[2] )
INFO: [Synth 8-3333] propagating constant 0 across sequential element (grp_controller_fu_536/\out_size_22_reg_5641_reg[2] )
INFO: [Synth 8-3333] propagating constant 0 across sequential element (grp_controller_fu_536/\out_size_23_reg_5905_reg[2] )
INFO: [Synth 8-3333] propagating constant 0 across sequential element (grp_controller_fu_536/\out_size_24_reg_6169_reg[2] )
INFO: [Synth 8-3333] propagating constant 0 across sequential element (grp_controller_fu_536/\out_size_25_reg_6433_reg[2] )
INFO: [Synth 8-3333] propagating constant 0 across sequential element (grp_controller_fu_536/\out_size_26_reg_6708_reg[2] )
INFO: [Synth 8-3333] propagating constant 0 across sequential element (grp_controller_fu_536/\in_size_27_reg_6969_reg[2] )
INFO: [Synth 8-3333] propagating constant 0 across sequential element (grp_controller_fu_536/\out_size_27_reg_6980_reg[2] )
