xilinx rtfpga
rt::do_reinfer_area_combined 1
INFO: [Synth 8-3936] Found unconnected internal register 'ADDSUB_OP.ADDSUB/DSP.OP/DSP48E1_BODY.EXP/EXP_OFF.LRG_EXP_DELAY/i_pipe/opt_has_pipe.first_q_reg' and it is trimmed from '9' to '8' bits. [/home/junsang/projects/EE511/vivado_proj_resnet18_src1/vivado_proj_resnet18_src1.gen/sources_1/bd/design_1/ipshared/7468/hdl/xbip_pipe_v3_0_vh_rfs.vhd:368]
INFO: [Synth 8-5546] ROM "ADDSUB_OP.ADDSUB/DSP.OP/DSP48E1_BODY.ALIGN_ADD/SHIFT_TABLE[0]" won't be mapped to RAM because it is too sparse
INFO: [Synth 8-5845] Not enough pipeline registers after wide multiplier. Recommended levels of pipeline registers is 8 [/home/junsang/projects/EE511/vivado_proj_resnet18_src1/vivado_proj_resnet18_src1.gen/sources_1/bd/design_1/ipshared/18ed/hdl/verilog/conv_kernel_mul_32ns_68ns_102_1_1.v:19]
DSP Report: Generating DSP mul_32ns_68ns_102_1_1_U439/dout, operation Mode is: A*B.
DSP Report: operator mul_32ns_68ns_102_1_1_U439/dout is absorbed into DSP mul_32ns_68ns_102_1_1_U439/dout.
DSP Report: operator mul_32ns_68ns_102_1_1_U439/dout is absorbed into DSP mul_32ns_68ns_102_1_1_U439/dout.
DSP Report: Generating DSP bound213_reg_2871_reg, operation Mode is: (PCIN>>17)+A*B.
DSP Report: register bound213_reg_2871_reg is absorbed into DSP bound213_reg_2871_reg.
DSP Report: operator mul_32ns_68ns_102_1_1_U439/dout is absorbed into DSP bound213_reg_2871_reg.
DSP Report: operator mul_32ns_68ns_102_1_1_U439/dout is absorbed into DSP bound213_reg_2871_reg.
DSP Report: Generating DSP mul_32ns_68ns_102_1_1_U439/dout, operation Mode is: A*B.
DSP Report: operator mul_32ns_68ns_102_1_1_U439/dout is absorbed into DSP mul_32ns_68ns_102_1_1_U439/dout.
DSP Report: operator mul_32ns_68ns_102_1_1_U439/dout is absorbed into DSP mul_32ns_68ns_102_1_1_U439/dout.
DSP Report: Generating DSP mul_32ns_68ns_102_1_1_U439/dout, operation Mode is: PCIN+A*B.
DSP Report: operator mul_32ns_68ns_102_1_1_U439/dout is absorbed into DSP mul_32ns_68ns_102_1_1_U439/dout.
DSP Report: operator mul_32ns_68ns_102_1_1_U439/dout is absorbed into DSP mul_32ns_68ns_102_1_1_U439/dout.
DSP Report: Generating DSP bound213_reg_2871_reg, operation Mode is: (PCIN>>17)+A*B.
DSP Report: register bound213_reg_2871_reg is absorbed into DSP bound213_reg_2871_reg.
DSP Report: operator mul_32ns_68ns_102_1_1_U439/dout is absorbed into DSP bound213_reg_2871_reg.
DSP Report: operator mul_32ns_68ns_102_1_1_U439/dout is absorbed into DSP bound213_reg_2871_reg.
DSP Report: Generating DSP mul_32ns_68ns_102_1_1_U439/dout, operation Mode is: A*B.
DSP Report: operator mul_32ns_68ns_102_1_1_U439/dout is absorbed into DSP mul_32ns_68ns_102_1_1_U439/dout.
DSP Report: operator mul_32ns_68ns_102_1_1_U439/dout is absorbed into DSP mul_32ns_68ns_102_1_1_U439/dout.
DSP Report: Generating DSP mul_32ns_68ns_102_1_1_U439/dout, operation Mode is: (PCIN>>17)+A*B.
DSP Report: operator mul_32ns_68ns_102_1_1_U439/dout is absorbed into DSP mul_32ns_68ns_102_1_1_U439/dout.
DSP Report: operator mul_32ns_68ns_102_1_1_U439/dout is absorbed into DSP mul_32ns_68ns_102_1_1_U439/dout.
DSP Report: Generating DSP bound213_reg_2871_reg, operation Mode is: (PCIN+A*B)'.
DSP Report: register bound213_reg_2871_reg is absorbed into DSP bound213_reg_2871_reg.
DSP Report: operator mul_32ns_68ns_102_1_1_U439/dout is absorbed into DSP bound213_reg_2871_reg.
DSP Report: operator mul_32ns_68ns_102_1_1_U439/dout is absorbed into DSP bound213_reg_2871_reg.
WARNING: [Synth 8-7129] Port m_axi_gmem0_AWREADY in module conv_kernel_conv_kernel_Pipeline_batch_norm_loop1_batch_norm_loop3_batch_norm_loop5_batch_no is either unconnected or has no load
WARNING: [Synth 8-7129] Port m_axi_gmem0_WREADY in module conv_kernel_conv_kernel_Pipeline_batch_norm_loop1_batch_norm_loop3_batch_norm_loop5_batch_no is either unconnected or has no load
WARNING: [Synth 8-7129] Port m_axi_gmem0_RLAST in module conv_kernel_conv_kernel_Pipeline_batch_norm_loop1_batch_norm_loop3_batch_norm_loop5_batch_no is either unconnected or has no load
WARNING: [Synth 8-7129] Port m_axi_gmem0_RID[0] in module conv_kernel_conv_kernel_Pipeline_batch_norm_loop1_batch_norm_loop3_batch_norm_loop5_batch_no is either unconnected or has no load
WARNING: [Synth 8-7129] Port m_axi_gmem0_RFIFONUM[8] in module conv_kernel_conv_kernel_Pipeline_batch_norm_loop1_batch_norm_loop3_batch_norm_loop5_batch_no is either unconnected or has no load
WARNING: [Synth 8-7129] Port m_axi_gmem0_RFIFONUM[7] in module conv_kernel_conv_kernel_Pipeline_batch_norm_loop1_batch_norm_loop3_batch_norm_loop5_batch_no is either unconnected or has no load
WARNING: [Synth 8-7129] Port m_axi_gmem0_RFIFONUM[6] in module conv_kernel_conv_kernel_Pipeline_batch_norm_loop1_batch_norm_loop3_batch_norm_loop5_batch_no is either unconnected or has no load
WARNING: [Synth 8-7129] Port m_axi_gmem0_RFIFONUM[5] in module conv_kernel_conv_kernel_Pipeline_batch_norm_loop1_batch_norm_loop3_batch_norm_loop5_batch_no is either unconnected or has no load
WARNING: [Synth 8-7129] Port m_axi_gmem0_RFIFONUM[4] in module conv_kernel_conv_kernel_Pipeline_batch_norm_loop1_batch_norm_loop3_batch_norm_loop5_batch_no is either unconnected or has no load
WARNING: [Synth 8-7129] Port m_axi_gmem0_RFIFONUM[3] in module conv_kernel_conv_kernel_Pipeline_batch_norm_loop1_batch_norm_loop3_batch_norm_loop5_batch_no is either unconnected or has no load
WARNING: [Synth 8-7129] Port m_axi_gmem0_RFIFONUM[2] in module conv_kernel_conv_kernel_Pipeline_batch_norm_loop1_batch_norm_loop3_batch_norm_loop5_batch_no is either unconnected or has no load
WARNING: [Synth 8-7129] Port m_axi_gmem0_RFIFONUM[1] in module conv_kernel_conv_kernel_Pipeline_batch_norm_loop1_batch_norm_loop3_batch_norm_loop5_batch_no is either unconnected or has no load
WARNING: [Synth 8-7129] Port m_axi_gmem0_RFIFONUM[0] in module conv_kernel_conv_kernel_Pipeline_batch_norm_loop1_batch_norm_loop3_batch_norm_loop5_batch_no is either unconnected or has no load
WARNING: [Synth 8-7129] Port m_axi_gmem0_RUSER[0] in module conv_kernel_conv_kernel_Pipeline_batch_norm_loop1_batch_norm_loop3_batch_norm_loop5_batch_no is either unconnected or has no load
WARNING: [Synth 8-7129] Port m_axi_gmem0_RRESP[1] in module conv_kernel_conv_kernel_Pipeline_batch_norm_loop1_batch_norm_loop3_batch_norm_loop5_batch_no is either unconnected or has no load
WARNING: [Synth 8-7129] Port m_axi_gmem0_RRESP[0] in module conv_kernel_conv_kernel_Pipeline_batch_norm_loop1_batch_norm_loop3_batch_norm_loop5_batch_no is either unconnected or has no load
WARNING: [Synth 8-7129] Port m_axi_gmem0_BVALID in module conv_kernel_conv_kernel_Pipeline_batch_norm_loop1_batch_norm_loop3_batch_norm_loop5_batch_no is either unconnected or has no load
WARNING: [Synth 8-7129] Port m_axi_gmem0_BRESP[1] in module conv_kernel_conv_kernel_Pipeline_batch_norm_loop1_batch_norm_loop3_batch_norm_loop5_batch_no is either unconnected or has no load
WARNING: [Synth 8-7129] Port m_axi_gmem0_BRESP[0] in module conv_kernel_conv_kernel_Pipeline_batch_norm_loop1_batch_norm_loop3_batch_norm_loop5_batch_no is either unconnected or has no load
WARNING: [Synth 8-7129] Port m_axi_gmem0_BID[0] in module conv_kernel_conv_kernel_Pipeline_batch_norm_loop1_batch_norm_loop3_batch_norm_loop5_batch_no is either unconnected or has no load
WARNING: [Synth 8-7129] Port m_axi_gmem0_BUSER[0] in module conv_kernel_conv_kernel_Pipeline_batch_norm_loop1_batch_norm_loop3_batch_norm_loop5_batch_no is either unconnected or has no load
WARNING: [Synth 8-7129] Port bound172[37] in module conv_kernel_conv_kernel_Pipeline_batch_norm_loop1_batch_norm_loop3_batch_norm_loop5_batch_no is either unconnected or has no load
WARNING: [Synth 8-7129] Port bound172[36] in module conv_kernel_conv_kernel_Pipeline_batch_norm_loop1_batch_norm_loop3_batch_norm_loop5_batch_no is either unconnected or has no load
WARNING: [Synth 8-7129] Port bound172[35] in module conv_kernel_conv_kernel_Pipeline_batch_norm_loop1_batch_norm_loop3_batch_norm_loop5_batch_no is either unconnected or has no load
WARNING: [Synth 8-7129] Port bound172[34] in module conv_kernel_conv_kernel_Pipeline_batch_norm_loop1_batch_norm_loop3_batch_norm_loop5_batch_no is either unconnected or has no load
WARNING: [Synth 8-7129] Port bound172[33] in module conv_kernel_conv_kernel_Pipeline_batch_norm_loop1_batch_norm_loop3_batch_norm_loop5_batch_no is either unconnected or has no load
WARNING: [Synth 8-7129] Port bound172[32] in module conv_kernel_conv_kernel_Pipeline_batch_norm_loop1_batch_norm_loop3_batch_norm_loop5_batch_no is either unconnected or has no load
WARNING: [Synth 8-7129] Port bound172[31] in module conv_kernel_conv_kernel_Pipeline_batch_norm_loop1_batch_norm_loop3_batch_norm_loop5_batch_no is either unconnected or has no load
WARNING: [Synth 8-7129] Port bound172[30] in module conv_kernel_conv_kernel_Pipeline_batch_norm_loop1_batch_norm_loop3_batch_norm_loop5_batch_no is either unconnected or has no load
WARNING: [Synth 8-7129] Port bound172[29] in module conv_kernel_conv_kernel_Pipeline_batch_norm_loop1_batch_norm_loop3_batch_norm_loop5_batch_no is either unconnected or has no load
WARNING: [Synth 8-7129] Port bound172[28] in module conv_kernel_conv_kernel_Pipeline_batch_norm_loop1_batch_norm_loop3_batch_norm_loop5_batch_no is either unconnected or has no load
WARNING: [Synth 8-7129] Port bound172[27] in module conv_kernel_conv_kernel_Pipeline_batch_norm_loop1_batch_norm_loop3_batch_norm_loop5_batch_no is either unconnected or has no load
WARNING: [Synth 8-7129] Port bound172[26] in module conv_kernel_conv_kernel_Pipeline_batch_norm_loop1_batch_norm_loop3_batch_norm_loop5_batch_no is either unconnected or has no load
WARNING: [Synth 8-7129] Port bound172[25] in module conv_kernel_conv_kernel_Pipeline_batch_norm_loop1_batch_norm_loop3_batch_norm_loop5_batch_no is either unconnected or has no load
WARNING: [Synth 8-7129] Port bound172[24] in module conv_kernel_conv_kernel_Pipeline_batch_norm_loop1_batch_norm_loop3_batch_norm_loop5_batch_no is either unconnected or has no load
WARNING: [Synth 8-7129] Port bound172[23] in module conv_kernel_conv_kernel_Pipeline_batch_norm_loop1_batch_norm_loop3_batch_norm_loop5_batch_no is either unconnected or has no load
WARNING: [Synth 8-7129] Port bound172[22] in module conv_kernel_conv_kernel_Pipeline_batch_norm_loop1_batch_norm_loop3_batch_norm_loop5_batch_no is either unconnected or has no load
WARNING: [Synth 8-7129] Port bound172[21] in module conv_kernel_conv_kernel_Pipeline_batch_norm_loop1_batch_norm_loop3_batch_norm_loop5_batch_no is either unconnected or has no load
WARNING: [Synth 8-7129] Port bound172[20] in module conv_kernel_conv_kernel_Pipeline_batch_norm_loop1_batch_norm_loop3_batch_norm_loop5_batch_no is either unconnected or has no load
WARNING: [Synth 8-7129] Port bound172[19] in module conv_kernel_conv_kernel_Pipeline_batch_norm_loop1_batch_norm_loop3_batch_norm_loop5_batch_no is either unconnected or has no load
WARNING: [Synth 8-7129] Port bound172[18] in module conv_kernel_conv_kernel_Pipeline_batch_norm_loop1_batch_norm_loop3_batch_norm_loop5_batch_no is either unconnected or has no load
WARNING: [Synth 8-7129] Port bound172[17] in module conv_kernel_conv_kernel_Pipeline_batch_norm_loop1_batch_norm_loop3_batch_norm_loop5_batch_no is either unconnected or has no load
WARNING: [Synth 8-7129] Port bound172[16] in module conv_kernel_conv_kernel_Pipeline_batch_norm_loop1_batch_norm_loop3_batch_norm_loop5_batch_no is either unconnected or has no load
WARNING: [Synth 8-7129] Port bound172[15] in module conv_kernel_conv_kernel_Pipeline_batch_norm_loop1_batch_norm_loop3_batch_norm_loop5_batch_no is either unconnected or has no load
WARNING: [Synth 8-7129] Port bound172[14] in module conv_kernel_conv_kernel_Pipeline_batch_norm_loop1_batch_norm_loop3_batch_norm_loop5_batch_no is either unconnected or has no load
WARNING: [Synth 8-7129] Port bound172[13] in module conv_kernel_conv_kernel_Pipeline_batch_norm_loop1_batch_norm_loop3_batch_norm_loop5_batch_no is either unconnected or has no load
WARNING: [Synth 8-7129] Port bound172[12] in module conv_kernel_conv_kernel_Pipeline_batch_norm_loop1_batch_norm_loop3_batch_norm_loop5_batch_no is either unconnected or has no load
WARNING: [Synth 8-7129] Port bound172[11] in module conv_kernel_conv_kernel_Pipeline_batch_norm_loop1_batch_norm_loop3_batch_norm_loop5_batch_no is either unconnected or has no load
WARNING: [Synth 8-7129] Port bound172[10] in module conv_kernel_conv_kernel_Pipeline_batch_norm_loop1_batch_norm_loop3_batch_norm_loop5_batch_no is either unconnected or has no load
WARNING: [Synth 8-7129] Port bound172[9] in module conv_kernel_conv_kernel_Pipeline_batch_norm_loop1_batch_norm_loop3_batch_norm_loop5_batch_no is either unconnected or has no load
WARNING: [Synth 8-7129] Port bound172[8] in module conv_kernel_conv_kernel_Pipeline_batch_norm_loop1_batch_norm_loop3_batch_norm_loop5_batch_no is either unconnected or has no load
WARNING: [Synth 8-7129] Port bound172[7] in module conv_kernel_conv_kernel_Pipeline_batch_norm_loop1_batch_norm_loop3_batch_norm_loop5_batch_no is either unconnected or has no load
WARNING: [Synth 8-7129] Port bound172[6] in module conv_kernel_conv_kernel_Pipeline_batch_norm_loop1_batch_norm_loop3_batch_norm_loop5_batch_no is either unconnected or has no load
WARNING: [Synth 8-7129] Port bound172[5] in module conv_kernel_conv_kernel_Pipeline_batch_norm_loop1_batch_norm_loop3_batch_norm_loop5_batch_no is either unconnected or has no load
WARNING: [Synth 8-7129] Port bound172[4] in module conv_kernel_conv_kernel_Pipeline_batch_norm_loop1_batch_norm_loop3_batch_norm_loop5_batch_no is either unconnected or has no load
WARNING: [Synth 8-7129] Port bound172[3] in module conv_kernel_conv_kernel_Pipeline_batch_norm_loop1_batch_norm_loop3_batch_norm_loop5_batch_no is either unconnected or has no load
WARNING: [Synth 8-7129] Port bound172[2] in module conv_kernel_conv_kernel_Pipeline_batch_norm_loop1_batch_norm_loop3_batch_norm_loop5_batch_no is either unconnected or has no load
WARNING: [Synth 8-7129] Port bound172[1] in module conv_kernel_conv_kernel_Pipeline_batch_norm_loop1_batch_norm_loop3_batch_norm_loop5_batch_no is either unconnected or has no load
WARNING: [Synth 8-7129] Port bound172[0] in module conv_kernel_conv_kernel_Pipeline_batch_norm_loop1_batch_norm_loop3_batch_norm_loop5_batch_no is either unconnected or has no load
WARNING: [Synth 8-7129] Port icmp_ln314[0] in module conv_kernel_conv_kernel_Pipeline_batch_norm_loop1_batch_norm_loop3_batch_norm_loop5_batch_no is either unconnected or has no load
WARNING: [Synth 8-7129] Port m_axi_gmem0_RLAST in module conv_kernel_conv_kernel_Pipeline_fc_loop1 is either unconnected or has no load
WARNING: [Synth 8-7129] Port m_axi_gmem0_RID[0] in module conv_kernel_conv_kernel_Pipeline_fc_loop1 is either unconnected or has no load
WARNING: [Synth 8-7129] Port m_axi_gmem0_RFIFONUM[8] in module conv_kernel_conv_kernel_Pipeline_fc_loop1 is either unconnected or has no load
WARNING: [Synth 8-7129] Port m_axi_gmem0_RFIFONUM[7] in module conv_kernel_conv_kernel_Pipeline_fc_loop1 is either unconnected or has no load
WARNING: [Synth 8-7129] Port m_axi_gmem0_RFIFONUM[6] in module conv_kernel_conv_kernel_Pipeline_fc_loop1 is either unconnected or has no load
WARNING: [Synth 8-7129] Port m_axi_gmem0_RFIFONUM[5] in module conv_kernel_conv_kernel_Pipeline_fc_loop1 is either unconnected or has no load
WARNING: [Synth 8-7129] Port m_axi_gmem0_RFIFONUM[4] in module conv_kernel_conv_kernel_Pipeline_fc_loop1 is either unconnected or has no load
WARNING: [Synth 8-7129] Port m_axi_gmem0_RFIFONUM[3] in module conv_kernel_conv_kernel_Pipeline_fc_loop1 is either unconnected or has no load
WARNING: [Synth 8-7129] Port m_axi_gmem0_RFIFONUM[2] in module conv_kernel_conv_kernel_Pipeline_fc_loop1 is either unconnected or has no load
WARNING: [Synth 8-7129] Port m_axi_gmem0_RFIFONUM[1] in module conv_kernel_conv_kernel_Pipeline_fc_loop1 is either unconnected or has no load
WARNING: [Synth 8-7129] Port m_axi_gmem0_RFIFONUM[0] in module conv_kernel_conv_kernel_Pipeline_fc_loop1 is either unconnected or has no load
WARNING: [Synth 8-7129] Port m_axi_gmem0_RUSER[0] in module conv_kernel_conv_kernel_Pipeline_fc_loop1 is either unconnected or has no load
WARNING: [Synth 8-7129] Port m_axi_gmem0_RRESP[1] in module conv_kernel_conv_kernel_Pipeline_fc_loop1 is either unconnected or has no load
WARNING: [Synth 8-7129] Port m_axi_gmem0_RRESP[0] in module conv_kernel_conv_kernel_Pipeline_fc_loop1 is either unconnected or has no load
WARNING: [Synth 8-7129] Port m_axi_gmem0_BRESP[1] in module conv_kernel_conv_kernel_Pipeline_fc_loop1 is either unconnected or has no load
WARNING: [Synth 8-7129] Port m_axi_gmem0_BRESP[0] in module conv_kernel_conv_kernel_Pipeline_fc_loop1 is either unconnected or has no load
WARNING: [Synth 8-7129] Port m_axi_gmem0_BID[0] in module conv_kernel_conv_kernel_Pipeline_fc_loop1 is either unconnected or has no load
WARNING: [Synth 8-7129] Port m_axi_gmem0_BUSER[0] in module conv_kernel_conv_kernel_Pipeline_fc_loop1 is either unconnected or has no load
WARNING: [Synth 8-7129] Port aresetn in module floating_point_v7_1_14_viv__parameterized3 is either unconnected or has no load
WARNING: [Synth 8-7129] Port s_axis_a_tuser[0] in module floating_point_v7_1_14_viv__parameterized3 is either unconnected or has no load
WARNING: [Synth 8-7129] Port s_axis_a_tlast in module floating_point_v7_1_14_viv__parameterized3 is either unconnected or has no load
WARNING: [Synth 8-7129] Port s_axis_b_tuser[0] in module floating_point_v7_1_14_viv__parameterized3 is either unconnected or has no load
WARNING: [Synth 8-7129] Port s_axis_b_tlast in module floating_point_v7_1_14_viv__parameterized3 is either unconnected or has no load
WARNING: [Synth 8-7129] Port s_axis_c_tvalid in module floating_point_v7_1_14_viv__parameterized3 is either unconnected or has no load
WARNING: [Synth 8-7129] Port s_axis_c_tdata[31] in module floating_point_v7_1_14_viv__parameterized3 is either unconnected or has no load
WARNING: [Synth 8-7129] Port s_axis_c_tdata[30] in module floating_point_v7_1_14_viv__parameterized3 is either unconnected or has no load
WARNING: [Synth 8-7129] Port s_axis_c_tdata[29] in module floating_point_v7_1_14_viv__parameterized3 is either unconnected or has no load
WARNING: [Synth 8-7129] Port s_axis_c_tdata[28] in module floating_point_v7_1_14_viv__parameterized3 is either unconnected or has no load
WARNING: [Synth 8-7129] Port s_axis_c_tdata[27] in module floating_point_v7_1_14_viv__parameterized3 is either unconnected or has no load
WARNING: [Synth 8-7129] Port s_axis_c_tdata[26] in module floating_point_v7_1_14_viv__parameterized3 is either unconnected or has no load
WARNING: [Synth 8-7129] Port s_axis_c_tdata[25] in module floating_point_v7_1_14_viv__parameterized3 is either unconnected or has no load
WARNING: [Synth 8-7129] Port s_axis_c_tdata[24] in module floating_point_v7_1_14_viv__parameterized3 is either unconnected or has no load
WARNING: [Synth 8-7129] Port s_axis_c_tdata[23] in module floating_point_v7_1_14_viv__parameterized3 is either unconnected or has no load
WARNING: [Synth 8-7129] Port s_axis_c_tdata[22] in module floating_point_v7_1_14_viv__parameterized3 is either unconnected or has no load
WARNING: [Synth 8-7129] Port s_axis_c_tdata[21] in module floating_point_v7_1_14_viv__parameterized3 is either unconnected or has no load
WARNING: [Synth 8-7129] Port s_axis_c_tdata[20] in module floating_point_v7_1_14_viv__parameterized3 is either unconnected or has no load
WARNING: [Synth 8-7129] Port s_axis_c_tdata[19] in module floating_point_v7_1_14_viv__parameterized3 is either unconnected or has no load
WARNING: [Synth 8-7129] Port s_axis_c_tdata[18] in module floating_point_v7_1_14_viv__parameterized3 is either unconnected or has no load
WARNING: [Synth 8-7129] Port s_axis_c_tdata[17] in module floating_point_v7_1_14_viv__parameterized3 is either unconnected or has no load
WARNING: [Synth 8-7129] Port s_axis_c_tdata[16] in module floating_point_v7_1_14_viv__parameterized3 is either unconnected or has no load
INFO: [Common 17-14] Message 'Synth 8-7129' appears 100 times and further instances of the messages will be disabled. Use the Tcl command set_msg_config to change the current settings.
INFO: [Synth 8-3333] propagating constant 0 across sequential element (grp_conv_kernel_Pipeline_batch_norm_loop1_batch_norm_loop3_batch_norm_loop5_batch_no_fu_618/ap_done_reg_reg)
INFO: [Synth 8-3333] propagating constant 0 across sequential element (grp_conv_kernel_Pipeline_fc_loop1_fu_694/ap_done_reg_reg)
INFO: [Synth 8-3332] Sequential element (ADDSUB_OP.ADDSUB/DSP.OP/DSP48E1_BODY.NORM_RND/FULL_USAGE_DSP.LOD/dist_norm_reg[1]) is unused and will be removed from module floating_point_v7_1_14_viv__parameterized5.
INFO: [Synth 8-3332] Sequential element (ADDSUB_OP.ADDSUB/DSP.OP/DSP48E1_BODY.NORM_RND/FULL_USAGE_DSP.LOD/dist_norm_reg[0]) is unused and will be removed from module floating_point_v7_1_14_viv__parameterized5.
WARNING: [Synth 8-3332] Sequential element (FSM_onehot_wstate_reg[0]) is unused and will be removed from module conv_kernel_control_s_axi.
WARNING: [Synth 8-3332] Sequential element (FSM_onehot_rstate_reg[0]) is unused and will be removed from module conv_kernel_control_s_axi.
